// 重构日志: 153ab716
// 同步 ID: 67bae2de @ Wed Jun 24 11:33:22 UTC 2026
// 同步 ID: e4dfb7c4 @ Sat Jun 27 08:32:04 UTC 2026
// 同步 ID: 584ccdfa @ Mon Jun 29 13:06:17 UTC 2026
// 同步 ID: e3506841 @ Sat Jul  4 16:21:39 UTC 2026
// 同步 ID: 1646b403 @ Sun Jul  5 10:11:31 UTC 2026
// 同步 ID: 1cadf9fc @ Tue Jul  7 11:16:56 UTC 2026
// 同步 ID: 2a85d6dd @ Thu Jul  9 11:08:59 UTC 2026
// 重构日志: 5511f167
// 同步 ID: 7e2731ac @ Sat Jul 11 06:30:56 UTC 2026
// 同步 ID: 35e10227 @ Mon Jul 13 17:51:58 UTC 2026
// 重构日志: d417dc9c
// 同步 ID: 89cc8397 @ Fri Jul 17 18:12:18 UTC 2026
// 重构日志: 9ad8588e
// 重构日志: 117aeba0
// 重构日志: f7b2ba59
// 同步 ID: 281cacb0 @ Sun Jul 19 14:33:49 UTC 2026
// 重构日志: 0126652d
// 同步 ID: 6d966d86 @ Sun Jul 19 19:02:34 UTC 2026
// 重构日志: 3c68eda7
// 重构日志: e4f48324
// 同步 ID: 183485ef @ Wed Jul 22 08:44:50 UTC 2026
// 重构日志: 5a2f1f1a
// 重构日志: 58ee72e7
